<?xml version="1.0" encoding="UTF-8"?>
<testsuite xmlns:xsi="http://www.w3.org/2001/XMLSchema-instance" xsi:schemaLocation="https://maven.apache.org/surefire/maven-surefire-plugin/xsd/surefire-test-report.xsd" name="br.ce.adecarlos.runners.RunnerTest" time="0.4" tests="14" errors="0" skipped="0" failures="0">
  <properties>
[...]
</properties>
  <testcase name="Deve alugar um filme com sucesso" classname="Alugar filme" time="0.039"/>
  <testcase name="Deve alugar um filme com sucesso" classname="Alugar filme" time="0.005"/>
  <testcase name="Não deve alugar filmes sem estoque" classname="Alugar filme" time="0.002"/>
  <testcase name="Deve dar condições conforme tipo de aluguel" classname="Alugar filme" time="0.006"/>
  <testcase name="Deve dar condições conforme tipo de aluguel" classname="Alugar filme" time="0.004"/>
  <testcase name="Deve dar condições conforme tipo de aluguel" classname="Alugar filme" time="0.004"/>
  <testcase name="Deve executar especificação" classname="Aprender Cucumber" time="0.007"/>
  <testcase name="Deve incrementar contador" classname="Aprender Cucumber" time="0.002"/>
  <testcase name="Deve incrementar contador" classname="Aprender Cucumber" time="0.002"/>
  <testcase name="Deve calcular atraso na entrega" classname="Aprender Cucumber" time="0.007"/>
  <testcase name="Deve calcular atraso na entrega da China" classname="Aprender Cucumber" time="0.002"/>
  <testcase name="Deve criar steps genéricos para estes passos" classname="Aprender Cucumber" time="0.004"/>
  <testcase name="Deve reaproveitar os steps &quot;Dado&quot; do cenário anterior" classname="Aprender Cucumber" time="0.002"/>
  <testcase name="Deve negar todos os steps &quot;Dado&quot; dos cenários anteriores     Dado que o ticket é CD123     Dado que o ticket é AG1234     Dado que o valor da passagem é R$ 1.1345,56     Dado que o nome do passageiro é &quot;Beltrano Souza Matos de Alcântara Azevedo&quot;     Dado que o telefone do passageiro é 1234-5678     Dado que o telefone do passageiro é 999-2223" classname="Deve negar todos os steps &quot;Dado&quot; dos cenários anteriores     Dado que o ticket é CD123     Dado que o ticket é AG1234     Dado que o valor da passagem é R$ 1.1345,56     Dado que o nome do passageiro é &quot;Beltrano Souza Matos de Alcântara Azevedo&quot;     Dado que o telefone do passageiro é 1234-5678     Dado que o telefone do passageiro é 999-2223(Aprender Cucumber)" time="0.001"/>
</testsuite>