<?xml version="1.0" encoding="UTF-8" ?>
<testsuite tests="34" failures="0" name="br.ce.adecarlos.runners.RunnerTest" time="0.004" errors="0" skipped="0">
  <properties>
[...]
</properties>
  <testcase classname="Cenário: Deve executar especificação" name="Dado que criei o arquivo corretamente" time="0.001"/>
  <testcase classname="Cenário: Deve executar especificação" name="Quando executá-lo" time="0"/>
  <testcase classname="Cenário: Deve executar especificação" name="Então a especificação deve finalizar com sucesso" time="0"/>
  <testcase classname="Cenário: Deve executar especificação" name="Cenário: Deve executar especificação" time="0.001"/>
  <testcase classname="Cenário: Deve incrementar contador" name="Dado que o valor do contador é 15" time="0"/>
  <testcase classname="Cenário: Deve incrementar contador" name="Quando eu incrementar em 3" time="0"/>
  <testcase classname="Cenário: Deve incrementar contador" name="Então o valor do contador será 18" time="0"/>
  <testcase classname="Cenário: Deve incrementar contador" name="Cenário: Deve incrementar contador" time="0.001"/>
  <testcase classname="Cenário: Deve incrementar contador" name="Dado que o valor do contador é 123" time="0"/>
  <testcase classname="Cenário: Deve incrementar contador" name="Quando eu incrementar em 35" time="0"/>
  <testcase classname="Cenário: Deve incrementar contador" name="Então o valor do contador será 158" time="0"/>
  <testcase classname="Cenário: Deve incrementar contador" name="Cenário: Deve incrementar contador" time="0"/>
  <testcase classname="Cenário: Deve calcular atraso na entrega" name="Dado que a entrega é dia 05/04/2018" time="0"/>
  <testcase classname="Cenário: Deve calcular atraso na entrega" name="Quando a entrega atrasar em 2 dias" time="0"/>
  <testcase classname="Cenário: Deve calcular atraso na entrega" name="Então a entrega será efetuada em 07/04/2018" time="0"/>
  <testcase classname="Cenário: Deve calcular atraso na entrega" name="Cenário: Deve calcular atraso na entrega" time="0"/>
  <testcase classname="Cenário: Deve calcular atraso na entrega da China" name="Dado que a entrega é dia 05/04/2018" time="0"/>
  <testcase classname="Cenário: Deve calcular atraso na entrega da China" name="Quando a entrega atrasar em 2 meses" time="0"/>
  <testcase classname="Cenário: Deve calcular atraso na entrega da China" name="Então a entrega será efetuada em 05/06/2018" time="0"/>
  <testcase classname="Cenário: Deve calcular atraso na entrega da China" name="Cenário: Deve calcular atraso na entrega da China" time="0"/>
  <testcase classname="Cenário: Deve criar steps genéricos para estes passos" name="Dado que o ticket é AF345" time="0"/>
  <testcase classname="Cenário: Deve criar steps genéricos para estes passos" name="Dado que o valor da passagem é R$ 230,45" time="0"/>
  <testcase classname="Cenário: Deve criar steps genéricos para estes passos" name="Dado que o nome do passageiro é &quot;Fulano da Silva&quot;" time="0"/>
  <testcase classname="Cenário: Deve criar steps genéricos para estes passos" name="Dado que o telefone do passageiro é 9999-9999" time="0"/>
  <testcase classname="Cenário: Deve criar steps genéricos para estes passos" name="Quando criar os steps" time="0"/>
  <testcase classname="Cenário: Deve criar steps genéricos para estes passos" name="Então o teste vai funcionar" time="0"/>
  <testcase classname="Cenário: Deve criar steps genéricos para estes passos" name="Cenário: Deve criar steps genéricos para estes passos" time="0"/>
  <testcase classname="Cenário: Deve reaproveitar os steps &quot;Dado&quot; do cenário anterior" name="Dado que o ticket é AB167" time="0"/>
  <testcase classname="Cenário: Deve reaproveitar os steps &quot;Dado&quot; do cenário anterior" name="Dado que o ticket especial é AB167" time="0"/>
  <testcase classname="Cenário: Deve reaproveitar os steps &quot;Dado&quot; do cenário anterior" name="Dado que o valor da passagem é R$ 1120,23" time="0"/>
  <testcase classname="Cenário: Deve reaproveitar os steps &quot;Dado&quot; do cenário anterior" name="Dado que o nome do passageiro é &quot;Cicrano de Oliveira&quot;" time="0"/>
  <testcase classname="Cenário: Deve reaproveitar os steps &quot;Dado&quot; do cenário anterior" name="Dado que o telefone do passageiro é 9888-8888" time="0"/>
  <testcase classname="Cenário: Deve reaproveitar os steps &quot;Dado&quot; do cenário anterior" name="Cenário: Deve reaproveitar os steps &quot;Dado&quot; do cenário anterior" time="0.001"/>
  <testcase classname="Cenário: Deve negar todos os steps &quot;Dado&quot; dos cenários anteriores     Dado que o ticket é CD123     Dado que o ticket é AG1234     Dado que o valor da passagem é R$ 1.1345,56     Dado que o nome do passageiro é &quot;Beltrano Souza Matos de Alcântara Azevedo&quot;     Dado que o telefone do passageiro é 1234-5678     Dado que o telefone do passageiro é 999-2223" name="Cenário: Deve negar todos os steps &quot;Dado&quot; dos cenários anteriores     Dado que o ticket é CD123     Dado que o ticket é AG1234     Dado que o valor da passagem é R$ 1.1345,56     Dado que o nome do passageiro é &quot;Beltrano Souza Matos de Alcântara Azevedo&quot;     Dado que o telefone do passageiro é 1234-5678     Dado que o telefone do passageiro é 999-2223" time="0"/>
</testsuite>